<?xml version="1.0" encoding="UTF-8"?>
<testsuite xmlns:xsi="http://www.w3.org/2001/XMLSchema-instance" xsi:noNamespaceSchemaLocation="https://maven.apache.org/surefire/maven-surefire-plugin/xsd/surefire-test-report-3.0.xsd" version="3.0" name="api.TriangleTest" time="0.126" tests="15" errors="0" skipped="0" failures="0">
  <properties>
[...]
</properties>
  <testcase name="zeroSquareTriangle(double, double, double)[1]" classname="api.TriangleTest" time="0.031">
    <system-out><![CDATA[Square: 0.0
]]></system-out>
  </testcase>
  <testcase name="zeroSquareTriangle(double, double, double)[2]" classname="api.TriangleTest" time="0">
    <system-out><![CDATA[Square: 0.0
]]></system-out>
  </testcase>
  <testcase name="zeroSquareTriangle(double, double, double)[3]" classname="api.TriangleTest" time="0">
    <system-out><![CDATA[Square: 0.0
]]></system-out>
  </testcase>
  <testcase name="negativeSide(double, double, double)[1]" classname="api.TriangleTest" time="0">
    <system-out><![CDATA[It can`t be a triangle. Side c is -5.0
]]></system-out>
  </testcase>
  <testcase name="negativeSide(double, double, double)[2]" classname="api.TriangleTest" time="0">
    <system-out><![CDATA[It can`t be a triangle. Side b is -5.0
]]></system-out>
  </testcase>
  <testcase name="negativeSide(double, double, double)[3]" classname="api.TriangleTest" time="0">
    <system-out><![CDATA[It can`t be a triangle. Side a is -1.5
]]></system-out>
  </testcase>
  <testcase name="incorrectTriangle(double, double, double)[1]" classname="api.TriangleTest" time="0">
    <system-out><![CDATA[It can`t be a triangle. Length of the b and c sum is less than a
]]></system-out>
  </testcase>
  <testcase name="incorrectTriangle(double, double, double)[2]" classname="api.TriangleTest" time="0">
    <system-out><![CDATA[It can`t be a triangle. Length of the a and b sum is less than c
]]></system-out>
  </testcase>
  <testcase name="incorrectTriangle(double, double, double)[3]" classname="api.TriangleTest" time="0">
    <system-out><![CDATA[It can`t be a triangle. Length of the a and c sum is less than b
]]></system-out>
  </testcase>
  <testcase name="zeroSide(double, double, double)[1]" classname="api.TriangleTest" time="0">
    <system-out><![CDATA[It can`t be a triangle. Side a is 0.0
]]></system-out>
  </testcase>
  <testcase name="zeroSide(double, double, double)[2]" classname="api.TriangleTest" time="0">
    <system-out><![CDATA[It can`t be a triangle. Side b is 0.0
]]></system-out>
  </testcase>
  <testcase name="zeroSide(double, double, double)[3]" classname="api.TriangleTest" time="0">
    <system-out><![CDATA[It can`t be a triangle. Side c is 0.0
]]></system-out>
  </testcase>
  <testcase name="positiveSquareTriangle(double, double, double, double)[1]" classname="api.TriangleTest" time="0">
    <system-out><![CDATA[Square: 6.0
]]></system-out>
  </testcase>
  <testcase name="positiveSquareTriangle(double, double, double, double)[2]" classname="api.TriangleTest" time="0">
    <system-out><![CDATA[Square: 58.50999914544522
]]></system-out>
  </testcase>
  <testcase name="positiveSquareTriangle(double, double, double, double)[3]" classname="api.TriangleTest" time="0">
    <system-out><![CDATA[Square: 55997.120861558615
]]></system-out>
  </testcase>
</testsuite>